-------------------------HD Projection Module----------------------------

Seed:  30
Encoding:  float
Generating random projection...
(10000, 784)
Projecting images to higher dim space...
Dimension of digit vector:  (10, 10000)
Train accuracy:  0.8133084577114428
Test accuracy:  0.8077777777777778
Seed:  40
Encoding:  float
Generating random projection...
(10000, 784)
Projecting images to higher dim space...
Dimension of digit vector:  (10, 10000)
Train accuracy:  0.8139800995024875
Test accuracy:  0.8082323232323232
Seed:  50
Encoding:  float
Generating random projection...
(10000, 784)
Projecting images to higher dim space...
Dimension of digit vector:  (10, 10000)
Train accuracy:  0.8131094527363184
Test accuracy:  0.8085858585858586
------------------------------Retraining Module--------------------------


Seed 30 Train Accuracy:  0.8133084577114428
Seed 30 Valid Accuracy:  0.8077777777777778
Seed 40 Train Accuracy:  0.8139800995024875
Seed 40 Valid Accuracy:  0.8082323232323232
Seed 50 Train Accuracy:  0.8131094527363184
Seed 50 Valid Accuracy:  0.8085858585858586
There are 1201 adversarial cases in training set.
There are 631 adversarial cases in validation set.
There are 38999 non adversarial cases in training set.
There are 19169 non adversarial cases in validation set.
Retraining Started...

Epoch 1: 
Seed 30 Train Accuracy:  0.8161194029850747
Seed 30 Valid Accuracy:  0.811969696969697
Seed 40 Train Accuracy:  0.8174626865671641
Seed 40 Valid Accuracy:  0.8137373737373738
Seed 50 Train Accuracy:  0.8163432835820895
Seed 50 Valid Accuracy:  0.8125757575757576
There are 1061 adversarial cases in training set.
There are 529 adversarial cases in validation set.
There are 39139 non adversarial cases in training set.
There are 19271 non adversarial cases in validation set.
Epoch 2: 
Seed 30 Train Accuracy:  0.8189054726368159
Seed 30 Valid Accuracy:  0.8159090909090909
Seed 40 Train Accuracy:  0.8198507462686567
Seed 40 Valid Accuracy:  0.8162626262626262
Seed 50 Train Accuracy:  0.8190298507462687
Seed 50 Valid Accuracy:  0.8148484848484848
There are 968 adversarial cases in training set.
There are 494 adversarial cases in validation set.
There are 39232 non adversarial cases in training set.
There are 19306 non adversarial cases in validation set.
Retraining Stopped...
